[0.470s] Invoking command in '/home/algarrid/first-ROS2-project/src/bump_and_go_pkg': PYTHONPATH=/home/algarrid/first-ROS2-project/src/build/bump_and_go_pkg/prefix_override:/usr/lib/python3/dist-packages/colcon_core/task/python/colcon_distutils_commands:/home/algarrid/first-ROS2-project/src/install/bump_and_go_pkg/lib/python3.10/site-packages:${PYTHONPATH} /usr/bin/python3 -W ignore:setup.py install is deprecated -W ignore:easy_install command is deprecated setup.py egg_info --egg-base ../build/bump_and_go_pkg build --build-base /home/algarrid/first-ROS2-project/src/build/bump_and_go_pkg/build install --record /home/algarrid/first-ROS2-project/src/build/bump_and_go_pkg/install.log --single-version-externally-managed install_data
[0.594s] running egg_info
[0.595s] creating ../build/bump_and_go_pkg/bump_and_go_pkg.egg-info
[0.595s] writing ../build/bump_and_go_pkg/bump_and_go_pkg.egg-info/PKG-INFO
[0.597s] writing dependency_links to ../build/bump_and_go_pkg/bump_and_go_pkg.egg-info/dependency_links.txt
[0.597s] writing entry points to ../build/bump_and_go_pkg/bump_and_go_pkg.egg-info/entry_points.txt
[0.597s] writing requirements to ../build/bump_and_go_pkg/bump_and_go_pkg.egg-info/requires.txt
[0.597s] writing top-level names to ../build/bump_and_go_pkg/bump_and_go_pkg.egg-info/top_level.txt
[0.597s] writing manifest file '../build/bump_and_go_pkg/bump_and_go_pkg.egg-info/SOURCES.txt'
[0.599s] reading manifest file '../build/bump_and_go_pkg/bump_and_go_pkg.egg-info/SOURCES.txt'
[0.599s] writing manifest file '../build/bump_and_go_pkg/bump_and_go_pkg.egg-info/SOURCES.txt'
[0.599s] running build
[0.599s] running build_py
[0.599s] creating /home/algarrid/first-ROS2-project/src/build/bump_and_go_pkg/build
[0.600s] creating /home/algarrid/first-ROS2-project/src/build/bump_and_go_pkg/build/lib
[0.600s] creating /home/algarrid/first-ROS2-project/src/build/bump_and_go_pkg/build/lib/bump_and_go_pkg
[0.600s] copying bump_and_go_pkg/__init__.py -> /home/algarrid/first-ROS2-project/src/build/bump_and_go_pkg/build/lib/bump_and_go_pkg
[0.600s] copying bump_and_go_pkg/driver.py -> /home/algarrid/first-ROS2-project/src/build/bump_and_go_pkg/build/lib/bump_and_go_pkg
[0.600s] running install
[0.601s] running install_lib
[0.601s] creating /home/algarrid/first-ROS2-project/src/install/bump_and_go_pkg/lib/python3.10/site-packages/bump_and_go_pkg
[0.601s] copying /home/algarrid/first-ROS2-project/src/build/bump_and_go_pkg/build/lib/bump_and_go_pkg/__init__.py -> /home/algarrid/first-ROS2-project/src/install/bump_and_go_pkg/lib/python3.10/site-packages/bump_and_go_pkg
[0.601s] copying /home/algarrid/first-ROS2-project/src/build/bump_and_go_pkg/build/lib/bump_and_go_pkg/driver.py -> /home/algarrid/first-ROS2-project/src/install/bump_and_go_pkg/lib/python3.10/site-packages/bump_and_go_pkg
[0.601s] byte-compiling /home/algarrid/first-ROS2-project/src/install/bump_and_go_pkg/lib/python3.10/site-packages/bump_and_go_pkg/__init__.py to __init__.cpython-310.pyc
[0.602s] byte-compiling /home/algarrid/first-ROS2-project/src/install/bump_and_go_pkg/lib/python3.10/site-packages/bump_and_go_pkg/driver.py to driver.cpython-310.pyc
[0.602s] running install_data
[0.602s] creating /home/algarrid/first-ROS2-project/src/install/bump_and_go_pkg/share/ament_index
[0.602s] creating /home/algarrid/first-ROS2-project/src/install/bump_and_go_pkg/share/ament_index/resource_index
[0.603s] creating /home/algarrid/first-ROS2-project/src/install/bump_and_go_pkg/share/ament_index/resource_index/packages
[0.603s] copying resource/bump_and_go_pkg -> /home/algarrid/first-ROS2-project/src/install/bump_and_go_pkg/share/ament_index/resource_index/packages
[0.603s] copying package.xml -> /home/algarrid/first-ROS2-project/src/install/bump_and_go_pkg/share/bump_and_go_pkg
[0.603s] creating /home/algarrid/first-ROS2-project/src/install/bump_and_go_pkg/share/bump_and_go_pkg/launch
[0.603s] copying launch/start_demo.launch.py -> /home/algarrid/first-ROS2-project/src/install/bump_and_go_pkg/share/bump_and_go_pkg/launch
[0.603s] creating /home/algarrid/first-ROS2-project/src/install/bump_and_go_pkg/share/bump_and_go_pkg/worlds
[0.603s] copying worlds/obstacles.world -> /home/algarrid/first-ROS2-project/src/install/bump_and_go_pkg/share/bump_and_go_pkg/worlds
[0.603s] creating /home/algarrid/first-ROS2-project/src/install/bump_and_go_pkg/share/bump_and_go_pkg/models
[0.604s] copying models/robot.sdf -> /home/algarrid/first-ROS2-project/src/install/bump_and_go_pkg/share/bump_and_go_pkg/models
[0.604s] running install_egg_info
[0.605s] Copying ../build/bump_and_go_pkg/bump_and_go_pkg.egg-info to /home/algarrid/first-ROS2-project/src/install/bump_and_go_pkg/lib/python3.10/site-packages/bump_and_go_pkg-0.0.0-py3.10.egg-info
[0.605s] running install_scripts
[0.618s] Installing driver script to /home/algarrid/first-ROS2-project/src/install/bump_and_go_pkg/lib/bump_and_go_pkg
[0.618s] writing list of installed files to '/home/algarrid/first-ROS2-project/src/build/bump_and_go_pkg/install.log'
[0.633s] Invoked command in '/home/algarrid/first-ROS2-project/src/bump_and_go_pkg' returned '0': PYTHONPATH=/home/algarrid/first-ROS2-project/src/build/bump_and_go_pkg/prefix_override:/usr/lib/python3/dist-packages/colcon_core/task/python/colcon_distutils_commands:/home/algarrid/first-ROS2-project/src/install/bump_and_go_pkg/lib/python3.10/site-packages:${PYTHONPATH} /usr/bin/python3 -W ignore:setup.py install is deprecated -W ignore:easy_install command is deprecated setup.py egg_info --egg-base ../build/bump_and_go_pkg build --build-base /home/algarrid/first-ROS2-project/src/build/bump_and_go_pkg/build install --record /home/algarrid/first-ROS2-project/src/build/bump_and_go_pkg/install.log --single-version-externally-managed install_data
