running egg_info
writing ../../build/bump_and_go_pkg/bump_and_go_pkg.egg-info/PKG-INFO
writing dependency_links to ../../build/bump_and_go_pkg/bump_and_go_pkg.egg-info/dependency_links.txt
writing entry points to ../../build/bump_and_go_pkg/bump_and_go_pkg.egg-info/entry_points.txt
writing requirements to ../../build/bump_and_go_pkg/bump_and_go_pkg.egg-info/requires.txt
writing top-level names to ../../build/bump_and_go_pkg/bump_and_go_pkg.egg-info/top_level.txt
reading manifest file '../../build/bump_and_go_pkg/bump_and_go_pkg.egg-info/SOURCES.txt'
writing manifest file '../../build/bump_and_go_pkg/bump_and_go_pkg.egg-info/SOURCES.txt'
running build
running build_py
running install
running install_lib
running install_data
copying launch/start_demo.launch.py -> /home/algarrid/first-ROS2-project/ros2_ws/install/bump_and_go_pkg/share/bump_and_go_pkg/launch
running install_egg_info
removing '/home/algarrid/first-ROS2-project/ros2_ws/install/bump_and_go_pkg/lib/python3.10/site-packages/bump_and_go_pkg-0.0.0-py3.10.egg-info' (and everything under it)
Copying ../../build/bump_and_go_pkg/bump_and_go_pkg.egg-info to /home/algarrid/first-ROS2-project/ros2_ws/install/bump_and_go_pkg/lib/python3.10/site-packages/bump_and_go_pkg-0.0.0-py3.10.egg-info
running install_scripts
Installing driver script to /home/algarrid/first-ROS2-project/ros2_ws/install/bump_and_go_pkg/lib/bump_and_go_pkg
writing list of installed files to '/home/algarrid/first-ROS2-project/ros2_ws/build/bump_and_go_pkg/install.log'
