[0.508s] Invoking command in '/home/algarrid/first-ROS2-project/ros2_ws/src/bump_and_go_pkg': PYTHONPATH=/home/algarrid/first-ROS2-project/ros2_ws/build/bump_and_go_pkg/prefix_override:/usr/lib/python3/dist-packages/colcon_core/task/python/colcon_distutils_commands:/home/algarrid/first-ROS2-project/ros2_ws/install/bump_and_go_pkg/lib/python3.10/site-packages:${PYTHONPATH} /usr/bin/python3 -W ignore:setup.py install is deprecated -W ignore:easy_install command is deprecated setup.py egg_info --egg-base ../../build/bump_and_go_pkg build --build-base /home/algarrid/first-ROS2-project/ros2_ws/build/bump_and_go_pkg/build install --record /home/algarrid/first-ROS2-project/ros2_ws/build/bump_and_go_pkg/install.log --single-version-externally-managed install_data
[0.645s] running egg_info
[0.645s] writing ../../build/bump_and_go_pkg/bump_and_go_pkg.egg-info/PKG-INFO
[0.647s] writing dependency_links to ../../build/bump_and_go_pkg/bump_and_go_pkg.egg-info/dependency_links.txt
[0.647s] writing entry points to ../../build/bump_and_go_pkg/bump_and_go_pkg.egg-info/entry_points.txt
[0.647s] writing requirements to ../../build/bump_and_go_pkg/bump_and_go_pkg.egg-info/requires.txt
[0.647s] writing top-level names to ../../build/bump_and_go_pkg/bump_and_go_pkg.egg-info/top_level.txt
[0.652s] reading manifest file '../../build/bump_and_go_pkg/bump_and_go_pkg.egg-info/SOURCES.txt'
[0.653s] writing manifest file '../../build/bump_and_go_pkg/bump_and_go_pkg.egg-info/SOURCES.txt'
[0.653s] running build
[0.653s] running build_py
[0.654s] running install
[0.654s] running install_lib
[0.655s] running install_data
[0.656s] copying launch/start_demo.launch.py -> /home/algarrid/first-ROS2-project/ros2_ws/install/bump_and_go_pkg/share/bump_and_go_pkg/launch
[0.656s] running install_egg_info
[0.657s] removing '/home/algarrid/first-ROS2-project/ros2_ws/install/bump_and_go_pkg/lib/python3.10/site-packages/bump_and_go_pkg-0.0.0-py3.10.egg-info' (and everything under it)
[0.658s] Copying ../../build/bump_and_go_pkg/bump_and_go_pkg.egg-info to /home/algarrid/first-ROS2-project/ros2_ws/install/bump_and_go_pkg/lib/python3.10/site-packages/bump_and_go_pkg-0.0.0-py3.10.egg-info
[0.659s] running install_scripts
[0.671s] Installing driver script to /home/algarrid/first-ROS2-project/ros2_ws/install/bump_and_go_pkg/lib/bump_and_go_pkg
[0.672s] writing list of installed files to '/home/algarrid/first-ROS2-project/ros2_ws/build/bump_and_go_pkg/install.log'
[0.688s] Invoked command in '/home/algarrid/first-ROS2-project/ros2_ws/src/bump_and_go_pkg' returned '0': PYTHONPATH=/home/algarrid/first-ROS2-project/ros2_ws/build/bump_and_go_pkg/prefix_override:/usr/lib/python3/dist-packages/colcon_core/task/python/colcon_distutils_commands:/home/algarrid/first-ROS2-project/ros2_ws/install/bump_and_go_pkg/lib/python3.10/site-packages:${PYTHONPATH} /usr/bin/python3 -W ignore:setup.py install is deprecated -W ignore:easy_install command is deprecated setup.py egg_info --egg-base ../../build/bump_and_go_pkg build --build-base /home/algarrid/first-ROS2-project/ros2_ws/build/bump_and_go_pkg/build install --record /home/algarrid/first-ROS2-project/ros2_ws/build/bump_and_go_pkg/install.log --single-version-externally-managed install_data
