[0.479s] DEBUG:colcon:Command line arguments: ['/usr/bin/colcon', 'build']
[0.479s] DEBUG:colcon:Parsed command line arguments: Namespace(log_base=None, log_level=None, verb_name='build', build_base='build', install_base='install', merge_install=False, symlink_install=False, test_result_base=None, continue_on_error=False, executor='parallel', parallel_workers=12, event_handlers=None, ignore_user_meta=False, metas=['./colcon.meta'], base_paths=['.'], packages_ignore=None, packages_ignore_regex=None, paths=None, packages_up_to=None, packages_up_to_regex=None, packages_above=None, packages_above_and_dependencies=None, packages_above_depth=None, packages_select_by_dep=None, packages_skip_by_dep=None, packages_skip_up_to=None, packages_select_build_failed=False, packages_skip_build_finished=False, packages_select_test_failures=False, packages_skip_test_passed=False, packages_select=None, packages_skip=None, packages_select_regex=None, packages_skip_regex=None, packages_start=None, packages_end=None, allow_overriding=[], cmake_args=None, cmake_target=None, cmake_target_skip_unavailable=False, cmake_clean_cache=False, cmake_clean_first=False, cmake_force_configure=False, ament_cmake_args=None, catkin_cmake_args=None, catkin_skip_building_tests=False, mixin_files=None, mixin=None, verb_parser=<colcon_mixin.mixin.mixin_argument.MixinArgumentDecorator object at 0x7e9a2e911780>, verb_extension=<colcon_core.verb.build.BuildVerb object at 0x7e9a2e911210>, main=<bound method BuildVerb.main of <colcon_core.verb.build.BuildVerb object at 0x7e9a2e911210>>, mixin_verb=('build',))
[0.768s] Level 1:colcon.colcon_core.package_discovery:discover_packages(colcon_meta) check parameters
[0.768s] Level 1:colcon.colcon_core.package_discovery:discover_packages(recursive) check parameters
[0.768s] Level 1:colcon.colcon_core.package_discovery:discover_packages(ignore) check parameters
[0.768s] Level 1:colcon.colcon_core.package_discovery:discover_packages(path) check parameters
[0.768s] Level 1:colcon.colcon_core.package_discovery:discover_packages(colcon_meta) discover
[0.768s] Level 1:colcon.colcon_core.package_discovery:discover_packages(recursive) discover
[0.768s] INFO:colcon.colcon_core.package_discovery:Crawling recursively for packages in '/home/algarrid/first-ROS2-project/src'
[0.768s] Level 1:colcon.colcon_core.package_identification:_identify(.) by extensions ['ignore', 'ignore_ament_install']
[0.768s] Level 1:colcon.colcon_core.package_identification:_identify(.) by extension 'ignore'
[0.768s] Level 1:colcon.colcon_core.package_identification:_identify(.) by extension 'ignore_ament_install'
[0.768s] Level 1:colcon.colcon_core.package_identification:_identify(.) by extensions ['colcon_pkg']
[0.768s] Level 1:colcon.colcon_core.package_identification:_identify(.) by extension 'colcon_pkg'
[0.768s] Level 1:colcon.colcon_core.package_identification:_identify(.) by extensions ['colcon_meta']
[0.768s] Level 1:colcon.colcon_core.package_identification:_identify(.) by extension 'colcon_meta'
[0.768s] Level 1:colcon.colcon_core.package_identification:_identify(.) by extensions ['ros']
[0.768s] Level 1:colcon.colcon_core.package_identification:_identify(.) by extension 'ros'
[0.779s] Level 1:colcon.colcon_core.package_identification:_identify(.) by extensions ['cmake', 'python']
[0.779s] Level 1:colcon.colcon_core.package_identification:_identify(.) by extension 'cmake'
[0.779s] Level 1:colcon.colcon_core.package_identification:_identify(.) by extension 'python'
[0.779s] Level 1:colcon.colcon_core.package_identification:_identify(.) by extensions ['python_setup_py']
[0.779s] Level 1:colcon.colcon_core.package_identification:_identify(.) by extension 'python_setup_py'
[0.779s] Level 1:colcon.colcon_core.package_identification:_identify(build) by extensions ['ignore', 'ignore_ament_install']
[0.779s] Level 1:colcon.colcon_core.package_identification:_identify(build) by extension 'ignore'
[0.779s] Level 1:colcon.colcon_core.package_identification:_identify(build) ignored
[0.779s] Level 1:colcon.colcon_core.package_identification:_identify(bump_and_go_pkg) by extensions ['ignore', 'ignore_ament_install']
[0.779s] Level 1:colcon.colcon_core.package_identification:_identify(bump_and_go_pkg) by extension 'ignore'
[0.780s] Level 1:colcon.colcon_core.package_identification:_identify(bump_and_go_pkg) by extension 'ignore_ament_install'
[0.780s] Level 1:colcon.colcon_core.package_identification:_identify(bump_and_go_pkg) by extensions ['colcon_pkg']
[0.780s] Level 1:colcon.colcon_core.package_identification:_identify(bump_and_go_pkg) by extension 'colcon_pkg'
[0.780s] Level 1:colcon.colcon_core.package_identification:_identify(bump_and_go_pkg) by extensions ['colcon_meta']
[0.780s] Level 1:colcon.colcon_core.package_identification:_identify(bump_and_go_pkg) by extension 'colcon_meta'
[0.780s] Level 1:colcon.colcon_core.package_identification:_identify(bump_and_go_pkg) by extensions ['ros']
[0.780s] Level 1:colcon.colcon_core.package_identification:_identify(bump_and_go_pkg) by extension 'ros'
[0.783s] DEBUG:colcon.colcon_core.package_identification:Package 'bump_and_go_pkg' with type 'ros.ament_python' and name 'bump_and_go_pkg'
[0.783s] Level 1:colcon.colcon_core.package_identification:_identify(install) by extensions ['ignore', 'ignore_ament_install']
[0.783s] Level 1:colcon.colcon_core.package_identification:_identify(install) by extension 'ignore'
[0.783s] Level 1:colcon.colcon_core.package_identification:_identify(install) ignored
[0.783s] Level 1:colcon.colcon_core.package_identification:_identify(log) by extensions ['ignore', 'ignore_ament_install']
[0.783s] Level 1:colcon.colcon_core.package_identification:_identify(log) by extension 'ignore'
[0.783s] Level 1:colcon.colcon_core.package_identification:_identify(log) ignored
[0.783s] Level 1:colcon.colcon_core.package_discovery:discover_packages(recursive) using defaults
[0.783s] Level 1:colcon.colcon_core.package_discovery:discover_packages(ignore) discover
[0.783s] Level 1:colcon.colcon_core.package_discovery:discover_packages(ignore) using defaults
[0.783s] Level 1:colcon.colcon_core.package_discovery:discover_packages(path) discover
[0.783s] Level 1:colcon.colcon_core.package_discovery:discover_packages(path) using defaults
[0.816s] Level 1:colcon.colcon_core.package_discovery:discover_packages(prefix_path) check parameters
[0.816s] Level 1:colcon.colcon_core.package_discovery:discover_packages(prefix_path) discover
[0.820s] DEBUG:colcon.colcon_installed_package_information.package_discovery:Found 295 installed packages in /opt/ros/humble
[0.821s] Level 1:colcon.colcon_core.package_discovery:discover_packages(prefix_path) using defaults
[0.880s] Level 5:colcon.colcon_core.verb:set package 'bump_and_go_pkg' build argument 'cmake_args' from command line to 'None'
[0.880s] Level 5:colcon.colcon_core.verb:set package 'bump_and_go_pkg' build argument 'cmake_target' from command line to 'None'
[0.880s] Level 5:colcon.colcon_core.verb:set package 'bump_and_go_pkg' build argument 'cmake_target_skip_unavailable' from command line to 'False'
[0.880s] Level 5:colcon.colcon_core.verb:set package 'bump_and_go_pkg' build argument 'cmake_clean_cache' from command line to 'False'
[0.880s] Level 5:colcon.colcon_core.verb:set package 'bump_and_go_pkg' build argument 'cmake_clean_first' from command line to 'False'
[0.880s] Level 5:colcon.colcon_core.verb:set package 'bump_and_go_pkg' build argument 'cmake_force_configure' from command line to 'False'
[0.880s] Level 5:colcon.colcon_core.verb:set package 'bump_and_go_pkg' build argument 'ament_cmake_args' from command line to 'None'
[0.880s] Level 5:colcon.colcon_core.verb:set package 'bump_and_go_pkg' build argument 'catkin_cmake_args' from command line to 'None'
[0.880s] Level 5:colcon.colcon_core.verb:set package 'bump_and_go_pkg' build argument 'catkin_skip_building_tests' from command line to 'False'
[0.880s] DEBUG:colcon.colcon_core.verb:Building package 'bump_and_go_pkg' with the following arguments: {'ament_cmake_args': None, 'build_base': '/home/algarrid/first-ROS2-project/src/build/bump_and_go_pkg', 'catkin_cmake_args': None, 'catkin_skip_building_tests': False, 'cmake_args': None, 'cmake_clean_cache': False, 'cmake_clean_first': False, 'cmake_force_configure': False, 'cmake_target': None, 'cmake_target_skip_unavailable': False, 'install_base': '/home/algarrid/first-ROS2-project/src/install/bump_and_go_pkg', 'merge_install': False, 'path': '/home/algarrid/first-ROS2-project/src/bump_and_go_pkg', 'symlink_install': False, 'test_result_base': None}
[0.880s] INFO:colcon.colcon_core.executor:Executing jobs using 'parallel' executor
[0.881s] DEBUG:colcon.colcon_parallel_executor.executor.parallel:run_until_complete
[0.881s] INFO:colcon.colcon_ros.task.ament_python.build:Building ROS package in '/home/algarrid/first-ROS2-project/src/bump_and_go_pkg' with build type 'ament_python'
[0.881s] Level 1:colcon.colcon_core.shell:create_environment_hook('bump_and_go_pkg', 'ament_prefix_path')
[0.887s] INFO:colcon.colcon_core.plugin_system:Skipping extension 'colcon_core.shell.bat': Not used on non-Windows systems
[0.887s] INFO:colcon.colcon_core.shell:Creating environment hook '/home/algarrid/first-ROS2-project/src/install/bump_and_go_pkg/share/bump_and_go_pkg/hook/ament_prefix_path.ps1'
[0.888s] INFO:colcon.colcon_core.shell:Creating environment descriptor '/home/algarrid/first-ROS2-project/src/install/bump_and_go_pkg/share/bump_and_go_pkg/hook/ament_prefix_path.dsv'
[0.889s] INFO:colcon.colcon_core.shell:Creating environment hook '/home/algarrid/first-ROS2-project/src/install/bump_and_go_pkg/share/bump_and_go_pkg/hook/ament_prefix_path.sh'
[0.890s] INFO:colcon.colcon_core.shell:Skip shell extension 'powershell' for command environment: Not usable outside of PowerShell
[0.890s] DEBUG:colcon.colcon_core.shell:Skip shell extension 'dsv' for command environment
[1.029s] INFO:colcon.colcon_core.task.python.build:Building Python package in '/home/algarrid/first-ROS2-project/src/bump_and_go_pkg'
[1.029s] INFO:colcon.colcon_core.shell:Skip shell extension 'powershell' for command environment: Not usable outside of PowerShell
[1.029s] DEBUG:colcon.colcon_core.shell:Skip shell extension 'dsv' for command environment
[1.351s] DEBUG:colcon.colcon_core.event_handler.log_command:Invoking command in '/home/algarrid/first-ROS2-project/src/bump_and_go_pkg': PYTHONPATH=/home/algarrid/first-ROS2-project/src/build/bump_and_go_pkg/prefix_override:/usr/lib/python3/dist-packages/colcon_core/task/python/colcon_distutils_commands:/home/algarrid/first-ROS2-project/src/install/bump_and_go_pkg/lib/python3.10/site-packages:${PYTHONPATH} /usr/bin/python3 -W ignore:setup.py install is deprecated -W ignore:easy_install command is deprecated setup.py egg_info --egg-base ../build/bump_and_go_pkg build --build-base /home/algarrid/first-ROS2-project/src/build/bump_and_go_pkg/build install --record /home/algarrid/first-ROS2-project/src/build/bump_and_go_pkg/install.log --single-version-externally-managed install_data
[1.514s] DEBUG:colcon.colcon_core.event_handler.log_command:Invoked command in '/home/algarrid/first-ROS2-project/src/bump_and_go_pkg' returned '0': PYTHONPATH=/home/algarrid/first-ROS2-project/src/build/bump_and_go_pkg/prefix_override:/usr/lib/python3/dist-packages/colcon_core/task/python/colcon_distutils_commands:/home/algarrid/first-ROS2-project/src/install/bump_and_go_pkg/lib/python3.10/site-packages:${PYTHONPATH} /usr/bin/python3 -W ignore:setup.py install is deprecated -W ignore:easy_install command is deprecated setup.py egg_info --egg-base ../build/bump_and_go_pkg build --build-base /home/algarrid/first-ROS2-project/src/build/bump_and_go_pkg/build install --record /home/algarrid/first-ROS2-project/src/build/bump_and_go_pkg/install.log --single-version-externally-managed install_data
[1.518s] Level 1:colcon.colcon_core.environment:checking '/home/algarrid/first-ROS2-project/src/install/bump_and_go_pkg' for CMake module files
[1.519s] Level 1:colcon.colcon_core.environment:checking '/home/algarrid/first-ROS2-project/src/install/bump_and_go_pkg' for CMake config files
[1.519s] Level 1:colcon.colcon_core.environment:checking '/home/algarrid/first-ROS2-project/src/install/bump_and_go_pkg/lib'
[1.519s] Level 1:colcon.colcon_core.environment:checking '/home/algarrid/first-ROS2-project/src/install/bump_and_go_pkg/bin'
[1.519s] Level 1:colcon.colcon_core.environment:checking '/home/algarrid/first-ROS2-project/src/install/bump_and_go_pkg/lib/pkgconfig/bump_and_go_pkg.pc'
[1.519s] Level 1:colcon.colcon_core.environment:checking '/home/algarrid/first-ROS2-project/src/install/bump_and_go_pkg/lib/python3.10/site-packages'
[1.519s] Level 1:colcon.colcon_core.shell:create_environment_hook('bump_and_go_pkg', 'pythonpath')
[1.519s] INFO:colcon.colcon_core.shell:Creating environment hook '/home/algarrid/first-ROS2-project/src/install/bump_and_go_pkg/share/bump_and_go_pkg/hook/pythonpath.ps1'
[1.520s] INFO:colcon.colcon_core.shell:Creating environment descriptor '/home/algarrid/first-ROS2-project/src/install/bump_and_go_pkg/share/bump_and_go_pkg/hook/pythonpath.dsv'
[1.520s] INFO:colcon.colcon_core.shell:Creating environment hook '/home/algarrid/first-ROS2-project/src/install/bump_and_go_pkg/share/bump_and_go_pkg/hook/pythonpath.sh'
[1.520s] Level 1:colcon.colcon_core.environment:checking '/home/algarrid/first-ROS2-project/src/install/bump_and_go_pkg/bin'
[1.520s] Level 1:colcon.colcon_core.environment:create_environment_scripts_only(bump_and_go_pkg)
[1.520s] INFO:colcon.colcon_core.shell:Creating package script '/home/algarrid/first-ROS2-project/src/install/bump_and_go_pkg/share/bump_and_go_pkg/package.ps1'
[1.521s] INFO:colcon.colcon_core.shell:Creating package descriptor '/home/algarrid/first-ROS2-project/src/install/bump_and_go_pkg/share/bump_and_go_pkg/package.dsv'
[1.522s] INFO:colcon.colcon_core.shell:Creating package script '/home/algarrid/first-ROS2-project/src/install/bump_and_go_pkg/share/bump_and_go_pkg/package.sh'
[1.522s] INFO:colcon.colcon_core.shell:Creating package script '/home/algarrid/first-ROS2-project/src/install/bump_and_go_pkg/share/bump_and_go_pkg/package.bash'
[1.523s] INFO:colcon.colcon_core.shell:Creating package script '/home/algarrid/first-ROS2-project/src/install/bump_and_go_pkg/share/bump_and_go_pkg/package.zsh'
[1.524s] Level 1:colcon.colcon_core.environment:create_file_with_runtime_dependencies(/home/algarrid/first-ROS2-project/src/install/bump_and_go_pkg/share/colcon-core/packages/bump_and_go_pkg)
[1.525s] DEBUG:colcon.colcon_parallel_executor.executor.parallel:closing loop
[1.525s] DEBUG:colcon.colcon_parallel_executor.executor.parallel:loop closed
[1.525s] DEBUG:colcon.colcon_parallel_executor.executor.parallel:run_until_complete finished with '0'
[1.525s] DEBUG:colcon.colcon_core.event_reactor:joining thread
[1.563s] INFO:colcon.colcon_core.plugin_system:Skipping extension 'colcon_notification.desktop_notification.notify_send': Could not find 'notify-send'
[1.563s] INFO:colcon.colcon_core.plugin_system:Skipping extension 'colcon_notification.desktop_notification.terminal_notifier': Not used on non-Darwin systems
[1.563s] INFO:colcon.colcon_core.plugin_system:Skipping extension 'colcon_notification.desktop_notification.win32': Not used on non-Windows systems
[1.563s] INFO:colcon.colcon_notification.desktop_notification:Sending desktop notification using 'notify2'
[1.568s] DEBUG:colcon.colcon_notification.desktop_notification.notify2:Failed to initialize notify2: org.freedesktop.DBus.Error.ServiceUnknown: The name org.freedesktop.Notifications was not provided by any .service files
[1.568s] DEBUG:colcon.colcon_core.event_reactor:joined thread
[1.568s] INFO:colcon.colcon_core.shell:Creating prefix script '/home/algarrid/first-ROS2-project/src/install/local_setup.ps1'
[1.569s] INFO:colcon.colcon_core.shell:Creating prefix util module '/home/algarrid/first-ROS2-project/src/install/_local_setup_util_ps1.py'
[1.570s] INFO:colcon.colcon_core.shell:Creating prefix chain script '/home/algarrid/first-ROS2-project/src/install/setup.ps1'
[1.571s] INFO:colcon.colcon_core.shell:Creating prefix script '/home/algarrid/first-ROS2-project/src/install/local_setup.sh'
[1.572s] INFO:colcon.colcon_core.shell:Creating prefix util module '/home/algarrid/first-ROS2-project/src/install/_local_setup_util_sh.py'
[1.572s] INFO:colcon.colcon_core.shell:Creating prefix chain script '/home/algarrid/first-ROS2-project/src/install/setup.sh'
[1.573s] INFO:colcon.colcon_core.shell:Creating prefix script '/home/algarrid/first-ROS2-project/src/install/local_setup.bash'
[1.573s] INFO:colcon.colcon_core.shell:Creating prefix chain script '/home/algarrid/first-ROS2-project/src/install/setup.bash'
[1.574s] INFO:colcon.colcon_core.shell:Creating prefix script '/home/algarrid/first-ROS2-project/src/install/local_setup.zsh'
[1.575s] INFO:colcon.colcon_core.shell:Creating prefix chain script '/home/algarrid/first-ROS2-project/src/install/setup.zsh'
