[0.356s] Invoking command in '/home/algarrid/first-ROS2-project/ros2_ws/src/bump_and_go_pkg': PYTHONPATH=/home/algarrid/first-ROS2-project/ros2_ws/build/bump_and_go_pkg/prefix_override:/usr/lib/python3/dist-packages/colcon_core/task/python/colcon_distutils_commands:/home/algarrid/first-ROS2-project/ros2_ws/install/bump_and_go_pkg/lib/python3.10/site-packages:${PYTHONPATH} /usr/bin/python3 -W ignore:setup.py install is deprecated -W ignore:easy_install command is deprecated setup.py egg_info --egg-base ../../build/bump_and_go_pkg build --build-base /home/algarrid/first-ROS2-project/ros2_ws/build/bump_and_go_pkg/build install --record /home/algarrid/first-ROS2-project/ros2_ws/build/bump_and_go_pkg/install.log --single-version-externally-managed install_data
[0.485s] running egg_info
[0.486s] creating ../../build/bump_and_go_pkg/bump_and_go_pkg.egg-info
[0.486s] writing ../../build/bump_and_go_pkg/bump_and_go_pkg.egg-info/PKG-INFO
[0.486s] writing dependency_links to ../../build/bump_and_go_pkg/bump_and_go_pkg.egg-info/dependency_links.txt
[0.486s] writing entry points to ../../build/bump_and_go_pkg/bump_and_go_pkg.egg-info/entry_points.txt
[0.486s] writing requirements to ../../build/bump_and_go_pkg/bump_and_go_pkg.egg-info/requires.txt
[0.486s] writing top-level names to ../../build/bump_and_go_pkg/bump_and_go_pkg.egg-info/top_level.txt
[0.486s] writing manifest file '../../build/bump_and_go_pkg/bump_and_go_pkg.egg-info/SOURCES.txt'
[0.487s] reading manifest file '../../build/bump_and_go_pkg/bump_and_go_pkg.egg-info/SOURCES.txt'
[0.488s] writing manifest file '../../build/bump_and_go_pkg/bump_and_go_pkg.egg-info/SOURCES.txt'
[0.488s] running build
[0.488s] running build_py
[0.488s] creating /home/algarrid/first-ROS2-project/ros2_ws/build/bump_and_go_pkg/build
[0.488s] creating /home/algarrid/first-ROS2-project/ros2_ws/build/bump_and_go_pkg/build/lib
[0.488s] creating /home/algarrid/first-ROS2-project/ros2_ws/build/bump_and_go_pkg/build/lib/bump_and_go_pkg
[0.488s] copying bump_and_go_pkg/__init__.py -> /home/algarrid/first-ROS2-project/ros2_ws/build/bump_and_go_pkg/build/lib/bump_and_go_pkg
[0.488s] copying bump_and_go_pkg/driver.py -> /home/algarrid/first-ROS2-project/ros2_ws/build/bump_and_go_pkg/build/lib/bump_and_go_pkg
[0.489s] running install
[0.489s] running install_lib
[0.490s] creating /home/algarrid/first-ROS2-project/ros2_ws/install/bump_and_go_pkg/lib/python3.10/site-packages/bump_and_go_pkg
[0.491s] copying /home/algarrid/first-ROS2-project/ros2_ws/build/bump_and_go_pkg/build/lib/bump_and_go_pkg/__init__.py -> /home/algarrid/first-ROS2-project/ros2_ws/install/bump_and_go_pkg/lib/python3.10/site-packages/bump_and_go_pkg
[0.491s] copying /home/algarrid/first-ROS2-project/ros2_ws/build/bump_and_go_pkg/build/lib/bump_and_go_pkg/driver.py -> /home/algarrid/first-ROS2-project/ros2_ws/install/bump_and_go_pkg/lib/python3.10/site-packages/bump_and_go_pkg
[0.491s] byte-compiling /home/algarrid/first-ROS2-project/ros2_ws/install/bump_and_go_pkg/lib/python3.10/site-packages/bump_and_go_pkg/__init__.py to __init__.cpython-310.pyc
[0.491s] byte-compiling /home/algarrid/first-ROS2-project/ros2_ws/install/bump_and_go_pkg/lib/python3.10/site-packages/bump_and_go_pkg/driver.py to driver.cpython-310.pyc
[0.491s] running install_data
[0.492s] creating /home/algarrid/first-ROS2-project/ros2_ws/install/bump_and_go_pkg/share/ament_index
[0.492s] creating /home/algarrid/first-ROS2-project/ros2_ws/install/bump_and_go_pkg/share/ament_index/resource_index
[0.492s] creating /home/algarrid/first-ROS2-project/ros2_ws/install/bump_and_go_pkg/share/ament_index/resource_index/packages
[0.492s] copying resource/bump_and_go_pkg -> /home/algarrid/first-ROS2-project/ros2_ws/install/bump_and_go_pkg/share/ament_index/resource_index/packages
[0.492s] copying package.xml -> /home/algarrid/first-ROS2-project/ros2_ws/install/bump_and_go_pkg/share/bump_and_go_pkg
[0.492s] creating /home/algarrid/first-ROS2-project/ros2_ws/install/bump_and_go_pkg/share/bump_and_go_pkg/launch
[0.492s] copying launch/start_demo.launch.py -> /home/algarrid/first-ROS2-project/ros2_ws/install/bump_and_go_pkg/share/bump_and_go_pkg/launch
[0.492s] running install_egg_info
[0.493s] Copying ../../build/bump_and_go_pkg/bump_and_go_pkg.egg-info to /home/algarrid/first-ROS2-project/ros2_ws/install/bump_and_go_pkg/lib/python3.10/site-packages/bump_and_go_pkg-0.0.0-py3.10.egg-info
[0.494s] running install_scripts
[0.507s] Installing driver script to /home/algarrid/first-ROS2-project/ros2_ws/install/bump_and_go_pkg/lib/bump_and_go_pkg
[0.507s] writing list of installed files to '/home/algarrid/first-ROS2-project/ros2_ws/build/bump_and_go_pkg/install.log'
[0.524s] Invoked command in '/home/algarrid/first-ROS2-project/ros2_ws/src/bump_and_go_pkg' returned '0': PYTHONPATH=/home/algarrid/first-ROS2-project/ros2_ws/build/bump_and_go_pkg/prefix_override:/usr/lib/python3/dist-packages/colcon_core/task/python/colcon_distutils_commands:/home/algarrid/first-ROS2-project/ros2_ws/install/bump_and_go_pkg/lib/python3.10/site-packages:${PYTHONPATH} /usr/bin/python3 -W ignore:setup.py install is deprecated -W ignore:easy_install command is deprecated setup.py egg_info --egg-base ../../build/bump_and_go_pkg build --build-base /home/algarrid/first-ROS2-project/ros2_ws/build/bump_and_go_pkg/build install --record /home/algarrid/first-ROS2-project/ros2_ws/build/bump_and_go_pkg/install.log --single-version-externally-managed install_data
